0 info it worked if it ends with ok
1 verbose cli [ 'C:\\Program Files\\nodejs\\node.exe',
1 verbose cli   'C:\\Program Files\\nodejs\\node_modules\\npm\\bin\\npm-cli.js',
1 verbose cli   'run',
1 verbose cli   'production' ]
2 info using npm@3.7.2
3 info using node@v4.3.0
4 verbose run-script [ 'preproduction', 'production', 'postproduction' ]
5 info lifecycle reactapp@1.0.0~preproduction: reactapp@1.0.0
6 silly lifecycle reactapp@1.0.0~preproduction: no script for preproduction, continuing
7 info lifecycle reactapp@1.0.0~production: reactapp@1.0.0
8 verbose lifecycle reactapp@1.0.0~production: unsafe-perm in lifecycle true
9 verbose lifecycle reactapp@1.0.0~production: PATH: C:\Program Files\nodejs\node_modules\npm\bin\node-gyp-bin;C:\Users\bsijtsma\Documents\GitHub\ReactApp\node_modules\.bin;C:\Program Files\nodejs;C:\MinGW\bin;C:\Python27;C:\Python27\Scripts;%PYTHONPATH%\Lib;%PYTHONPATH%\DLLs;%PYTHONPATH%\Lib\lib-tk;C:\ProgramData\Oracle\Java\javapath;C:\Program Files\Java\jdk1.8.0_65\bin;C:\Program Files\Apache Software Foundation\apache-maven-3.3.9\bin;C:\WINDOWS\system32;C:\WINDOWS;C:\WINDOWS\System32\Wbem;C:\WINDOWS\System32\WindowsPowerShell\v1.0\;C:\Users\bsijtsma\AppData\Roaming\npm;C:\Program Files (x86)\Microsoft SQL Server\110\Tools\Binn\;C:\Program Files\Microsoft SQL Server\110\Tools\Binn\;C:\Program Files\Microsoft SQL Server\110\DTS\Binn\;C:\Program Files\cURL\bin;C:\Anaconda3;C:\Anaconda3\Scripts;C:\Anaconda3\Library\bin;C:\Program Files\nodejs\;C:\Program Files\Git\cmd;C:\Users\bsijtsma\AppData\Local\atom\bin;C:\Program Files\Apache Software Foundation\apache-maven-3.3.9\bin;C:\Program Files\Java\jdk1.8.0_65\bin
10 verbose lifecycle reactapp@1.0.0~production: CWD: C:\Users\bsijtsma\Documents\GitHub\ReactApp
11 silly lifecycle reactapp@1.0.0~production: Args: [ '/d /s /c', 'webpack -p' ]
12 silly lifecycle reactapp@1.0.0~production: Returned: code: 1  signal: null
13 info lifecycle reactapp@1.0.0~production: Failed to exec production script
14 verbose stack Error: reactapp@1.0.0 production: `webpack -p`
14 verbose stack Exit status 1
14 verbose stack     at EventEmitter.<anonymous> (C:\Program Files\nodejs\node_modules\npm\lib\utils\lifecycle.js:239:16)
14 verbose stack     at emitTwo (events.js:87:13)
14 verbose stack     at EventEmitter.emit (events.js:172:7)
14 verbose stack     at ChildProcess.<anonymous> (C:\Program Files\nodejs\node_modules\npm\lib\utils\spawn.js:24:14)
14 verbose stack     at emitTwo (events.js:87:13)
14 verbose stack     at ChildProcess.emit (events.js:172:7)
14 verbose stack     at maybeClose (internal/child_process.js:821:16)
14 verbose stack     at Process.ChildProcess._handle.onexit (internal/child_process.js:211:5)
15 verbose pkgid reactapp@1.0.0
16 verbose cwd C:\Users\bsijtsma\Documents\GitHub\ReactApp
17 error Windows_NT 6.3.9600
18 error argv "C:\\Program Files\\nodejs\\node.exe" "C:\\Program Files\\nodejs\\node_modules\\npm\\bin\\npm-cli.js" "run" "production"
19 error node v4.3.0
20 error npm  v3.7.2
21 error code ELIFECYCLE
22 error reactapp@1.0.0 production: `webpack -p`
22 error Exit status 1
23 error Failed at the reactapp@1.0.0 production script 'webpack -p'.
23 error Make sure you have the latest version of node.js and npm installed.
23 error If you do, this is most likely a problem with the reactapp package,
23 error not with npm itself.
23 error Tell the author that this fails on your system:
23 error     webpack -p
23 error You can get information on how to open an issue for this project with:
23 error     npm bugs reactapp
23 error Or if that isn't available, you can get their info via:
23 error     npm owner ls reactapp
23 error There is likely additional logging output above.
24 verbose exit [ 1, true ]
